--------------------------------------------------------------------------------
Release 14.7 Trace  (nt64)
Copyright (c) 1995-2013 Xilinx, Inc.  All rights reserved.

C:\Xilinx\14.7\ISE_DS\ISE\bin\nt64\unwrapped\trce.exe -intstyle ise -v 3 -s 4
-n 3 -fastpaths -xml registros_Clk.twx registros_Clk.ncd -o registros_Clk.twr
registros_Clk.pcf

Design file:              registros_Clk.ncd
Physical constraint file: registros_Clk.pcf
Device,package,speed:     xc3s500e,fg320,-4 (PRODUCTION 1.27 2013-10-13)
Report level:             verbose report

Environment Variable      Effect 
--------------------      ------ 
NONE                      No environment variables were set
--------------------------------------------------------------------------------

INFO:Timing:2698 - No timing constraints found, doing default enumeration.
INFO:Timing:3412 - To improve timing, see the Timing Closure User Guide (UG612).
INFO:Timing:2752 - To get complete path coverage, use the unconstrained paths 
   option. All paths that are not constrained will be reported in the 
   unconstrained paths section(s) of the report.
INFO:Timing:3339 - The clock-to-out numbers in this timing report are based on 
   a 50 Ohm transmission line loading model.  For the details of this model, 
   and for more information on accounting for different loading conditions, 
   please see the device datasheet.
INFO:Timing:3390 - This architecture does not support a default System Jitter 
   value, please add SYSTEM_JITTER constraint to the UCF to modify the Clock 
   Uncertainty calculation.
INFO:Timing:3389 - This architecture does not support 'Discrete Jitter' and 
   'Phase Error' calculations, these terms will be zero in the Clock 
   Uncertainty calculation.  Please make appropriate modification to 
   SYSTEM_JITTER to account for the unsupported Discrete Jitter and Phase 
   Error.



Data Sheet report:
-----------------
All values displayed in nanoseconds (ns)

Clock clk to Pad
------------+------------+------------------+--------+
            | clk (edge) |                  | Clock  |
Destination |   to PAD   |Internal Clock(s) | Phase  |
------------+------------+------------------+--------+
clk_IR      |    8.048(R)|clk_BUFGP         |   0.000|
clk_MAR     |    7.766(R)|clk_BUFGP         |   0.000|
clk_MBR     |    7.508(R)|clk_BUFGP         |   0.000|
clk_PC      |    8.198(R)|clk_BUFGP         |   0.000|
input_PC<0> |    8.070(R)|clk_BUFGP         |   0.000|
input_PC<1> |    7.429(R)|clk_BUFGP         |   0.000|
input_PC<2> |    7.488(R)|clk_BUFGP         |   0.000|
input_PC<3> |    7.416(R)|clk_BUFGP         |   0.000|
input_PC<4> |    8.041(R)|clk_BUFGP         |   0.000|
input_PC<5> |    7.424(R)|clk_BUFGP         |   0.000|
input_PC<6> |    7.753(R)|clk_BUFGP         |   0.000|
input_PC<7> |    7.689(R)|clk_BUFGP         |   0.000|
rw_IR       |    8.323(R)|clk_BUFGP         |   0.000|
rw_MAR      |    7.839(R)|clk_BUFGP         |   0.000|
rw_MBR      |    7.779(R)|clk_BUFGP         |   0.000|
rw_PC       |    7.828(R)|clk_BUFGP         |   0.000|
------------+------------+------------------+--------+

Clock to Setup on destination clock clk
---------------+---------+---------+---------+---------+
               | Src:Rise| Src:Fall| Src:Rise| Src:Fall|
Source Clock   |Dest:Rise|Dest:Rise|Dest:Fall|Dest:Fall|
---------------+---------+---------+---------+---------+
clk            |    3.963|    2.421|    1.975|         |
---------------+---------+---------+---------+---------+


Analysis completed Sun Mar 05 17:11:06 2017 
--------------------------------------------------------------------------------

Trace Settings:
-------------------------
Trace Settings 

Peak Memory Usage: 175 MB



