Release 14.7 - xst P.20131013 (nt64)
Copyright (c) 1995-2013 Xilinx, Inc.  All rights reserved.
--> Parameter TMPDIR set to xst/projnav.tmp


Total REAL time to Xst completion: 0.00 secs
Total CPU time to Xst completion: 0.13 secs
 
--> Parameter xsthdpdir set to xst


Total REAL time to Xst completion: 0.00 secs
Total CPU time to Xst completion: 0.13 secs
 
--> Reading design: automata_Selector.prj

TABLE OF CONTENTS
  1) Synthesis Options Summary
  2) HDL Compilation
  3) Design Hierarchy Analysis
  4) HDL Analysis
  5) HDL Synthesis
     5.1) HDL Synthesis Report
  6) Advanced HDL Synthesis
     6.1) Advanced HDL Synthesis Report
  7) Low Level Synthesis
  8) Partition Report
  9) Final Report
	9.1) Device utilization summary
	9.2) Partition Resource Summary
	9.3) TIMING REPORT


=========================================================================
*                      Synthesis Options Summary                        *
=========================================================================
---- Source Parameters
Input File Name                    : "automata_Selector.prj"
Input Format                       : mixed
Ignore Synthesis Constraint File   : NO

---- Target Parameters
Output File Name                   : "automata_Selector"
Output Format                      : NGC
Target Device                      : xc3s500e-4-fg320

---- Source Options
Top Module Name                    : automata_Selector
Automatic FSM Extraction           : YES
FSM Encoding Algorithm             : Auto
Safe Implementation                : No
FSM Style                          : LUT
RAM Extraction                     : Yes
RAM Style                          : Auto
ROM Extraction                     : Yes
Mux Style                          : Auto
Decoder Extraction                 : YES
Priority Encoder Extraction        : Yes
Shift Register Extraction          : YES
Logical Shifter Extraction         : YES
XOR Collapsing                     : YES
ROM Style                          : Auto
Mux Extraction                     : Yes
Resource Sharing                   : YES
Asynchronous To Synchronous        : NO
Multiplier Style                   : Auto
Automatic Register Balancing       : No

---- Target Options
Add IO Buffers                     : YES
Global Maximum Fanout              : 500
Add Generic Clock Buffer(BUFG)     : 24
Register Duplication               : YES
Slice Packing                      : YES
Optimize Instantiated Primitives   : NO
Use Clock Enable                   : Yes
Use Synchronous Set                : Yes
Use Synchronous Reset              : Yes
Pack IO Registers into IOBs        : Auto
Equivalent register Removal        : YES

---- General Options
Optimization Goal                  : Speed
Optimization Effort                : 1
Keep Hierarchy                     : No
Netlist Hierarchy                  : As_Optimized
RTL Output                         : Yes
Global Optimization                : AllClockNets
Read Cores                         : YES
Write Timing Constraints           : NO
Cross Clock Analysis               : NO
Hierarchy Separator                : /
Bus Delimiter                      : <>
Case Specifier                     : Maintain
Slice Utilization Ratio            : 100
BRAM Utilization Ratio             : 100
Verilog 2001                       : YES
Auto BRAM Packing                  : NO
Slice Utilization Ratio Delta      : 5

=========================================================================


=========================================================================
*                          HDL Compilation                              *
=========================================================================
Compiling vhdl file "C:/Users/Roberto/Desktop/UPB/ArquitecturaDeProcesadores/Xilinx/ProyectoFinal/automata_Selector/automata_Selector.vhd" in Library work.
Entity <automata_selector> compiled.
Entity <automata_selector> (Architecture <behavioral>) compiled.

=========================================================================
*                     Design Hierarchy Analysis                         *
=========================================================================
Analyzing hierarchy for entity <automata_Selector> in library <work> (architecture <behavioral>).


=========================================================================
*                            HDL Analysis                               *
=========================================================================
Analyzing Entity <automata_Selector> in library <work> (Architecture <behavioral>).
INFO:Xst:1561 - "C:/Users/Roberto/Desktop/UPB/ArquitecturaDeProcesadores/Xilinx/ProyectoFinal/automata_Selector/automata_Selector.vhd" line 331: Mux is complete : default of case is discarded
Entity <automata_Selector> analyzed. Unit <automata_Selector> generated.


=========================================================================
*                           HDL Synthesis                               *
=========================================================================

Performing bidirectional port resolution...

Synthesizing Unit <automata_Selector>.
    Related source file is "C:/Users/Roberto/Desktop/UPB/ArquitecturaDeProcesadores/Xilinx/ProyectoFinal/automata_Selector/automata_Selector.vhd".
    Found 1-bit 16-to-1 multiplexer for signal <clk_automata_0>.
    Found 1-bit 16-to-1 multiplexer for signal <clk_automata_1>.
    Found 1-bit 16-to-1 multiplexer for signal <clk_automata_2>.
    Found 1-bit 16-to-1 multiplexer for signal <clk_automata_3>.
    Found 1-bit 16-to-1 multiplexer for signal <clk_automata_4>.
    Found 1-bit 16-to-1 multiplexer for signal <clk_automata_5>.
    Found 1-bit 16-to-1 multiplexer for signal <clk_automata_6>.
    Found 1-bit 16-to-1 multiplexer for signal <clk_automata_7>.
    Found 1-bit 16-to-1 multiplexer for signal <clk_automata_8>.
    Found 1-bit 16-to-1 multiplexer for signal <clk_automata_9>.
    Found 1-bit 16-to-1 multiplexer for signal <clk_automata_10>.
    Found 1-bit 16-to-1 multiplexer for signal <clk_automata_11>.
    Found 1-bit 16-to-1 multiplexer for signal <clk_automata_12>.
    Found 1-bit 16-to-1 multiplexer for signal <clk_automata_13>.
    Found 1-bit 16-to-1 multiplexer for signal <clk_automata_14>.
    Found 1-bit 16-to-1 multiplexer for signal <clk_automata_15>.
    Summary:
	inferred  16 Multiplexer(s).
Unit <automata_Selector> synthesized.


=========================================================================
HDL Synthesis Report

Macro Statistics
# Multiplexers                                         : 16
 1-bit 16-to-1 multiplexer                             : 16

=========================================================================

=========================================================================
*                       Advanced HDL Synthesis                          *
=========================================================================


=========================================================================
Advanced HDL Synthesis Report

Macro Statistics
# Multiplexers                                         : 16
 1-bit 16-to-1 multiplexer                             : 16

=========================================================================

=========================================================================
*                         Low Level Synthesis                           *
=========================================================================

Optimizing unit <automata_Selector> ...

Mapping all equations...
Building and optimizing final netlist ...
Found area constraint ratio of 100 (+ 5) on block automata_Selector, actual ratio is 0.

Final Macro Processing ...

=========================================================================
Final Register Report

Found no macro
=========================================================================

=========================================================================
*                           Partition Report                            *
=========================================================================

Partition Implementation Status
-------------------------------

  No Partitions were found in this design.

-------------------------------

=========================================================================
*                            Final Report                               *
=========================================================================
Final Results
RTL Top Level Output File Name     : automata_Selector.ngr
Top Level Output File Name         : automata_Selector
Output Format                      : NGC
Optimization Goal                  : Speed
Keep Hierarchy                     : No

Design Statistics
# IOs                              : 21

Cell Usage :
# BELS                             : 20
#      LUT2                        : 4
#      LUT4                        : 16
# IO Buffers                       : 21
#      IBUF                        : 5
#      OBUF                        : 16
=========================================================================

Device utilization summary:
---------------------------

Selected Device : 3s500efg320-4 

 Number of Slices:                       11  out of   4656     0%  
 Number of 4 input LUTs:                 20  out of   9312     0%  
 Number of IOs:                          21
 Number of bonded IOBs:                  21  out of    232     9%  

---------------------------
Partition Resource Summary:
---------------------------

  No Partitions were found in this design.

---------------------------


=========================================================================
TIMING REPORT

NOTE: THESE TIMING NUMBERS ARE ONLY A SYNTHESIS ESTIMATE.
      FOR ACCURATE TIMING INFORMATION PLEASE REFER TO THE TRACE REPORT
      GENERATED AFTER PLACE-and-ROUTE.

Clock Information:
------------------
No clock signals found in this design

Asynchronous Control Signals Information:
----------------------------------------
No asynchronous control signals found in this design

Timing Summary:
---------------
Speed Grade: -4

   Minimum period: No path found
   Minimum input arrival time before clock: No path found
   Maximum output required time after clock: No path found
   Maximum combinational path delay: 8.098ns

Timing Detail:
--------------
All values displayed in nanoseconds (ns)

=========================================================================
Timing constraint: Default path analysis
  Total number of paths / destination ports: 80 / 16
-------------------------------------------------------------------------
Delay:               8.098ns (Levels of Logic = 4)
  Source:            clk (PAD)
  Destination:       clk_automata_12 (PAD)

  Data Path: clk to clk_automata_12
                                Gate     Net
    Cell:in->out      fanout   Delay   Delay  Logical Name (Net Name)
    ----------------------------------------  ------------
     IBUF:I->O            13   1.218   1.158  clk_IBUF (clk_IBUF)
     LUT2:I0->O            4   0.704   0.622  Mmux_clk_automata_81_SW0 (N8)
     LUT4:I2->O            1   0.704   0.420  Mmux_clk_automata_121 (clk_automata_12_OBUF)
     OBUF:I->O                 3.272          clk_automata_12_OBUF (clk_automata_12)
    ----------------------------------------
    Total                      8.098ns (5.898ns logic, 2.200ns route)
                                       (72.8% logic, 27.2% route)

=========================================================================


Total REAL time to Xst completion: 6.00 secs
Total CPU time to Xst completion: 5.48 secs
 
--> 

Total memory usage is 251516 kilobytes

Number of errors   :    0 (   0 filtered)
Number of warnings :    0 (   0 filtered)
Number of infos    :    1 (   0 filtered)

