Running: C:\Xilinx\14.7\ISE_DS\ISE\bin\nt64\unwrapped\fuse.exe -intstyle ise -incremental -o C:/Users/Roberto/Desktop/UPB/ArquitecturaDeProcesadores/Xilinx/sumador/sumador_test_isim_beh.exe -prj C:/Users/Roberto/Desktop/UPB/ArquitecturaDeProcesadores/Xilinx/sumador/sumador_test_beh.prj work.sumador_test 
ISim P.20131013 (signature 0x7708f090)
Number of CPUs detected in this system: 8
Turning on mult-threading, number of parallel sub-compilation jobs: 16 
Determining compilation order of HDL files
Parsing VHDL file "C:/Users/Roberto/Desktop/UPB/ArquitecturaDeProcesadores/Xilinx/sumador/sumador.vhd" into library work
Parsing VHDL file "C:/Users/Roberto/Desktop/UPB/ArquitecturaDeProcesadores/Xilinx/sumador/sumador_test.vhd" into library work
Starting static elaboration
Completed static elaboration
Compiling package standard
Compiling package std_logic_1164
Compiling package numeric_std
Compiling architecture behavioral of entity sumador [sumador_default]
Compiling architecture behavior of entity sumador_test
Time Resolution for simulation is 1ps.
Waiting for 1 sub-compilation(s) to finish...
Compiled 6 VHDL Units
Built simulation executable C:/Users/Roberto/Desktop/UPB/ArquitecturaDeProcesadores/Xilinx/sumador/sumador_test_isim_beh.exe
Fuse Memory Usage: 33724 KB
Fuse CPU Usage: 468 ms
