Release 14.7 - xst P.20131013 (nt64)
Copyright (c) 1995-2013 Xilinx, Inc.  All rights reserved.
--> Parameter TMPDIR set to xst/projnav.tmp


Total REAL time to Xst completion: 0.00 secs
Total CPU time to Xst completion: 0.13 secs
 
--> Parameter xsthdpdir set to xst


Total REAL time to Xst completion: 0.00 secs
Total CPU time to Xst completion: 0.13 secs
 
--> Reading design: sumador.prj

TABLE OF CONTENTS
  1) Synthesis Options Summary
  2) HDL Compilation
  3) Design Hierarchy Analysis
  4) HDL Analysis
  5) HDL Synthesis
     5.1) HDL Synthesis Report
  6) Advanced HDL Synthesis
     6.1) Advanced HDL Synthesis Report
  7) Low Level Synthesis
  8) Partition Report
  9) Final Report
	9.1) Device utilization summary
	9.2) Partition Resource Summary
	9.3) TIMING REPORT


=========================================================================
*                      Synthesis Options Summary                        *
=========================================================================
---- Source Parameters
Input File Name                    : "sumador.prj"
Input Format                       : mixed
Ignore Synthesis Constraint File   : NO

---- Target Parameters
Output File Name                   : "sumador"
Output Format                      : NGC
Target Device                      : xc3s500e-4-fg320

---- Source Options
Top Module Name                    : sumador
Automatic FSM Extraction           : YES
FSM Encoding Algorithm             : Auto
Safe Implementation                : No
FSM Style                          : LUT
RAM Extraction                     : Yes
RAM Style                          : Auto
ROM Extraction                     : Yes
Mux Style                          : Auto
Decoder Extraction                 : YES
Priority Encoder Extraction        : Yes
Shift Register Extraction          : YES
Logical Shifter Extraction         : YES
XOR Collapsing                     : YES
ROM Style                          : Auto
Mux Extraction                     : Yes
Resource Sharing                   : YES
Asynchronous To Synchronous        : NO
Multiplier Style                   : Auto
Automatic Register Balancing       : No

---- Target Options
Add IO Buffers                     : YES
Global Maximum Fanout              : 100000
Add Generic Clock Buffer(BUFG)     : 24
Register Duplication               : YES
Slice Packing                      : YES
Optimize Instantiated Primitives   : NO
Use Clock Enable                   : Yes
Use Synchronous Set                : Yes
Use Synchronous Reset              : Yes
Pack IO Registers into IOBs        : Auto
Equivalent register Removal        : YES

---- General Options
Optimization Goal                  : Speed
Optimization Effort                : 1
Keep Hierarchy                     : No
Netlist Hierarchy                  : As_Optimized
RTL Output                         : Yes
Global Optimization                : AllClockNets
Read Cores                         : YES
Write Timing Constraints           : NO
Cross Clock Analysis               : NO
Hierarchy Separator                : /
Bus Delimiter                      : <>
Case Specifier                     : Maintain
Slice Utilization Ratio            : 100
BRAM Utilization Ratio             : 100
Verilog 2001                       : YES
Auto BRAM Packing                  : NO
Slice Utilization Ratio Delta      : 5

=========================================================================


=========================================================================
*                          HDL Compilation                              *
=========================================================================
Compiling vhdl file "C:/Users/Roberto/Desktop/UPB/ArquitecturaDeProcesadores/Xilinx/sumador/sumador.vhd" in Library work.
Entity <sumador> compiled.
Entity <sumador> (Architecture <behavioral>) compiled.

=========================================================================
*                     Design Hierarchy Analysis                         *
=========================================================================
Analyzing hierarchy for entity <sumador> in library <work> (architecture <behavioral>).


=========================================================================
*                            HDL Analysis                               *
=========================================================================
Analyzing Entity <sumador> in library <work> (Architecture <behavioral>).
Entity <sumador> analyzed. Unit <sumador> generated.


=========================================================================
*                           HDL Synthesis                               *
=========================================================================

Performing bidirectional port resolution...

Synthesizing Unit <sumador>.
    Related source file is "C:/Users/Roberto/Desktop/UPB/ArquitecturaDeProcesadores/Xilinx/sumador/sumador.vhd".
    Found 8-bit register for signal <SUM>.
    Found 1-bit register for signal <c>.
    Found 8-bit adder for signal <SUM$add0000> created at line 30.
    Found 8-bit adder carry out for signal <SUM$addsub0000> created at line 24.
    Found 9-bit comparator greater for signal <SUM$cmp_gt0000> created at line 26.
    Summary:
	inferred   9 D-type flip-flop(s).
	inferred   2 Adder/Subtractor(s).
	inferred   1 Comparator(s).
Unit <sumador> synthesized.


=========================================================================
HDL Synthesis Report

Macro Statistics
# Adders/Subtractors                                   : 2
 8-bit adder                                           : 1
 8-bit adder carry out                                 : 1
# Registers                                            : 2
 1-bit register                                        : 1
 8-bit register                                        : 1
# Comparators                                          : 1
 9-bit comparator greater                              : 1

=========================================================================

=========================================================================
*                       Advanced HDL Synthesis                          *
=========================================================================


=========================================================================
Advanced HDL Synthesis Report

Macro Statistics
# Adders/Subtractors                                   : 2
 8-bit adder                                           : 1
 8-bit adder carry out                                 : 1
# Registers                                            : 9
 Flip-Flops                                            : 9
# Comparators                                          : 1
 9-bit comparator greater                              : 1

=========================================================================

=========================================================================
*                         Low Level Synthesis                           *
=========================================================================

Optimizing unit <sumador> ...

Mapping all equations...
Building and optimizing final netlist ...
Found area constraint ratio of 100 (+ 5) on block sumador, actual ratio is 0.

Final Macro Processing ...

=========================================================================
Final Register Report

Macro Statistics
# Registers                                            : 9
 Flip-Flops                                            : 9

=========================================================================

=========================================================================
*                           Partition Report                            *
=========================================================================

Partition Implementation Status
-------------------------------

  No Partitions were found in this design.

-------------------------------

=========================================================================
*                            Final Report                               *
=========================================================================
Final Results
RTL Top Level Output File Name     : sumador.ngr
Top Level Output File Name         : sumador
Output Format                      : NGC
Optimization Goal                  : Speed
Keep Hierarchy                     : No

Design Statistics
# IOs                              : 26

Cell Usage :
# BELS                             : 42
#      GND                         : 1
#      INV                         : 1
#      LUT2                        : 16
#      MUXCY                       : 15
#      VCC                         : 1
#      XORCY                       : 8
# FlipFlops/Latches                : 9
#      FDR                         : 1
#      FDS                         : 8
# Clock Buffers                    : 1
#      BUFGP                       : 1
# IO Buffers                       : 25
#      IBUF                        : 16
#      OBUF                        : 9
=========================================================================

Device utilization summary:
---------------------------

Selected Device : 3s500efg320-4 

 Number of Slices:                        8  out of   4656     0%  
 Number of 4 input LUTs:                 17  out of   9312     0%  
 Number of IOs:                          26
 Number of bonded IOBs:                  26  out of    232    11%  
    IOB Flip Flops:                       9
 Number of GCLKs:                         1  out of     24     4%  

---------------------------
Partition Resource Summary:
---------------------------

  No Partitions were found in this design.

---------------------------


=========================================================================
TIMING REPORT

NOTE: THESE TIMING NUMBERS ARE ONLY A SYNTHESIS ESTIMATE.
      FOR ACCURATE TIMING INFORMATION PLEASE REFER TO THE TRACE REPORT
      GENERATED AFTER PLACE-and-ROUTE.

Clock Information:
------------------
-----------------------------------+------------------------+-------+
Clock Signal                       | Clock buffer(FF name)  | Load  |
-----------------------------------+------------------------+-------+
clk                                | BUFGP                  | 9     |
-----------------------------------+------------------------+-------+

Asynchronous Control Signals Information:
----------------------------------------
No asynchronous control signals found in this design

Timing Summary:
---------------
Speed Grade: -4

   Minimum period: No path found
   Minimum input arrival time before clock: 6.548ns
   Maximum output required time after clock: 4.283ns
   Maximum combinational path delay: No path found

Timing Detail:
--------------
All values displayed in nanoseconds (ns)

=========================================================================
Timing constraint: Default OFFSET IN BEFORE for Clock 'clk'
  Total number of paths / destination ports: 316 / 17
-------------------------------------------------------------------------
Offset:              6.548ns (Levels of Logic = 11)
  Source:            RA<0> (PAD)
  Destination:       c (FF)
  Destination Clock: clk rising

  Data Path: RA<0> to c
                                Gate     Net
    Cell:in->out      fanout   Delay   Delay  Logical Name (Net Name)
    ----------------------------------------  ------------
     IBUF:I->O             2   1.218   0.622  RA_0_IBUF (RA_0_IBUF)
     LUT2:I0->O            1   0.704   0.000  Madd_SUM_addsub0000_lut<0> (Madd_SUM_addsub0000_lut<0>)
     MUXCY:S->O            1   0.464   0.000  Madd_SUM_addsub0000_cy<0> (Madd_SUM_addsub0000_cy<0>)
     MUXCY:CI->O           1   0.059   0.000  Madd_SUM_addsub0000_cy<1> (Madd_SUM_addsub0000_cy<1>)
     MUXCY:CI->O           1   0.059   0.000  Madd_SUM_addsub0000_cy<2> (Madd_SUM_addsub0000_cy<2>)
     MUXCY:CI->O           1   0.059   0.000  Madd_SUM_addsub0000_cy<3> (Madd_SUM_addsub0000_cy<3>)
     MUXCY:CI->O           1   0.059   0.000  Madd_SUM_addsub0000_cy<4> (Madd_SUM_addsub0000_cy<4>)
     MUXCY:CI->O           1   0.059   0.000  Madd_SUM_addsub0000_cy<5> (Madd_SUM_addsub0000_cy<5>)
     MUXCY:CI->O           1   0.059   0.000  Madd_SUM_addsub0000_cy<6> (Madd_SUM_addsub0000_cy<6>)
     MUXCY:CI->O           9   0.331   0.820  Madd_SUM_addsub0000_cy<7> (Madd_SUM_index0000)
     INV:I->O              1   0.704   0.420  c_not00011_INV_0 (c_not0001)
     FDR:R                     0.911          c
    ----------------------------------------
    Total                      6.548ns (4.686ns logic, 1.862ns route)
                                       (71.6% logic, 28.4% route)

=========================================================================
Timing constraint: Default OFFSET OUT AFTER for Clock 'clk'
  Total number of paths / destination ports: 9 / 9
-------------------------------------------------------------------------
Offset:              4.283ns (Levels of Logic = 1)
  Source:            c (FF)
  Destination:       c (PAD)
  Source Clock:      clk rising

  Data Path: c to c
                                Gate     Net
    Cell:in->out      fanout   Delay   Delay  Logical Name (Net Name)
    ----------------------------------------  ------------
     FDR:C->Q              1   0.591   0.420  c (c_OBUF)
     OBUF:I->O                 3.272          c_OBUF (c)
    ----------------------------------------
    Total                      4.283ns (3.863ns logic, 0.420ns route)
                                       (90.2% logic, 9.8% route)

=========================================================================


Total REAL time to Xst completion: 4.00 secs
Total CPU time to Xst completion: 4.77 secs
 
--> 

Total memory usage is 235016 kilobytes

Number of errors   :    0 (   0 filtered)
Number of warnings :    0 (   0 filtered)
Number of infos    :    0 (   0 filtered)

