Command line:
   divisor_frecuencia_10hz_isim_beh.exe
     -simmode  gui
     -simrunnum  0
     -socket  35586

Thu Mar 23 20:25:08 2017


 Elaboration Time: 0.03125 sec

 Current Memory Usage: 362.045 Meg

 Total Signals          : 3
 Total Nets             : 3
 Total Signal Drivers   : 2
 Total Blocks           : 2
 Total Primitive Blocks : 2
 Total Processes        : 1
 Total Traceable Variables  : 10
 Total Scalar Nets and Variables : 365
Total Line Count : 7

 Total Simulation Time: 0.046875 sec

 Current Memory Usage: 362.045 Meg

Thu Mar 23 20:25:14 2017

