--------------------------------------------------------------------------------
Release 14.7 Trace  (nt64)
Copyright (c) 1995-2013 Xilinx, Inc.  All rights reserved.

C:\Xilinx\14.7\ISE_DS\ISE\bin\nt64\unwrapped\trce.exe -intstyle ise -v 3 -s 4
-n 3 -fastpaths -xml registro.twx registro.ncd -o registro.twr registro.pcf

Design file:              registro.ncd
Physical constraint file: registro.pcf
Device,package,speed:     xc3s500e,fg320,-4 (PRODUCTION 1.27 2013-10-13)
Report level:             verbose report

Environment Variable      Effect 
--------------------      ------ 
NONE                      No environment variables were set
--------------------------------------------------------------------------------

INFO:Timing:2698 - No timing constraints found, doing default enumeration.
INFO:Timing:3412 - To improve timing, see the Timing Closure User Guide (UG612).
INFO:Timing:2752 - To get complete path coverage, use the unconstrained paths 
   option. All paths that are not constrained will be reported in the 
   unconstrained paths section(s) of the report.
INFO:Timing:3339 - The clock-to-out numbers in this timing report are based on 
   a 50 Ohm transmission line loading model.  For the details of this model, 
   and for more information on accounting for different loading conditions, 
   please see the device datasheet.
INFO:Timing:3390 - This architecture does not support a default System Jitter 
   value, please add SYSTEM_JITTER constraint to the UCF to modify the Clock 
   Uncertainty calculation.
INFO:Timing:3389 - This architecture does not support 'Discrete Jitter' and 
   'Phase Error' calculations, these terms will be zero in the Clock 
   Uncertainty calculation.  Please make appropriate modification to 
   SYSTEM_JITTER to account for the unsupported Discrete Jitter and Phase 
   Error.



Data Sheet report:
-----------------
All values displayed in nanoseconds (ns)

Setup/Hold to clock clk
------------+------------+------------+------------------+--------+
            |Max Setup to|Max Hold to |                  | Clock  |
Source      | clk (edge) | clk (edge) |Internal Clock(s) | Phase  |
------------+------------+------------+------------------+--------+
input<0>    |   -0.094(R)|    1.303(R)|clk_BUFGP         |   0.000|
input<1>    |   -0.106(R)|    1.312(R)|clk_BUFGP         |   0.000|
input<2>    |   -0.321(R)|    1.479(R)|clk_BUFGP         |   0.000|
input<3>    |   -0.131(R)|    1.327(R)|clk_BUFGP         |   0.000|
input<4>    |    0.170(R)|    1.087(R)|clk_BUFGP         |   0.000|
input<5>    |    0.510(R)|    0.815(R)|clk_BUFGP         |   0.000|
input<6>    |   -0.080(R)|    1.287(R)|clk_BUFGP         |   0.000|
input<7>    |    0.122(R)|    1.125(R)|clk_BUFGP         |   0.000|
rw          |    0.668(R)|    1.447(R)|clk_BUFGP         |   0.000|
------------+------------+------------+------------------+--------+

Clock clk to Pad
------------+------------+------------------+--------+
            | clk (edge) |                  | Clock  |
Destination |   to PAD   |Internal Clock(s) | Phase  |
------------+------------+------------------+--------+
output<0>   |    7.164(R)|clk_BUFGP         |   0.000|
output<1>   |    7.720(R)|clk_BUFGP         |   0.000|
output<2>   |    7.702(R)|clk_BUFGP         |   0.000|
output<3>   |    7.707(R)|clk_BUFGP         |   0.000|
output<4>   |    7.687(R)|clk_BUFGP         |   0.000|
output<5>   |    7.709(R)|clk_BUFGP         |   0.000|
output<6>   |    7.700(R)|clk_BUFGP         |   0.000|
output<7>   |    7.686(R)|clk_BUFGP         |   0.000|
------------+------------+------------------+--------+

Clock to Setup on destination clock clk
---------------+---------+---------+---------+---------+
               | Src:Rise| Src:Fall| Src:Rise| Src:Fall|
Source Clock   |Dest:Rise|Dest:Rise|Dest:Fall|Dest:Fall|
---------------+---------+---------+---------+---------+
clk            |    1.394|         |         |         |
---------------+---------+---------+---------+---------+


Analysis completed Sat Mar 04 22:02:13 2017 
--------------------------------------------------------------------------------

Trace Settings:
-------------------------
Trace Settings 

Peak Memory Usage: 175 MB



