Running: C:\Xilinx\14.7\ISE_DS\ISE\bin\nt64\unwrapped\fuse.exe -intstyle ise -incremental -o C:/Users/Roberto/Desktop/UPB/ArquitecturaDeProcesadores/Xilinx/ProyectoFinal/ALU/ALU_test_isim_beh.exe -prj C:/Users/Roberto/Desktop/UPB/ArquitecturaDeProcesadores/Xilinx/ProyectoFinal/ALU/ALU_test_beh.prj work.ALU_test 
ISim P.20131013 (signature 0x7708f090)
Number of CPUs detected in this system: 8
Turning on mult-threading, number of parallel sub-compilation jobs: 16 
Determining compilation order of HDL files
Parsing VHDL file "C:/Users/Roberto/Desktop/UPB/ArquitecturaDeProcesadores/Xilinx/ProyectoFinal/ALU/../sumador/sumador.vhd" into library work
Parsing VHDL file "C:/Users/Roberto/Desktop/UPB/ArquitecturaDeProcesadores/Xilinx/ProyectoFinal/ALU/../modulo_Logico/modulo_Logico.vhd" into library work
Parsing VHDL file "C:/Users/Roberto/Desktop/UPB/ArquitecturaDeProcesadores/Xilinx/ProyectoFinal/ALU/../demux_ALU/demux_ALU.vhd" into library work
Parsing VHDL file "C:/Users/Roberto/Desktop/UPB/ArquitecturaDeProcesadores/Xilinx/ProyectoFinal/ALU/../../decoder_Ops_ALU/decoder_Ops_ALU.vhd" into library work
Parsing VHDL file "C:/Users/Roberto/Desktop/UPB/ArquitecturaDeProcesadores/Xilinx/ProyectoFinal/ALU/ALU.vhd" into library work
Parsing VHDL file "C:/Users/Roberto/Desktop/UPB/ArquitecturaDeProcesadores/Xilinx/ProyectoFinal/ALU/ALU_test.vhd" into library work
Starting static elaboration
Completed static elaboration
Compiling package standard
Compiling package std_logic_1164
Compiling package numeric_std
Compiling architecture behavioral of entity decoder_Ops_ALU [decoder_ops_alu_default]
Compiling architecture behavioral of entity sumador [sumador_default]
Compiling architecture behavioral of entity modulo_Logico [modulo_logico_default]
Compiling architecture behavioral of entity demux_ALU [demux_alu_default]
Compiling architecture behavioral of entity ALU [alu_default]
Compiling architecture behavior of entity alu_test
Time Resolution for simulation is 1ps.
Waiting for 1 sub-compilation(s) to finish...
Compiled 14 VHDL Units
Built simulation executable C:/Users/Roberto/Desktop/UPB/ArquitecturaDeProcesadores/Xilinx/ProyectoFinal/ALU/ALU_test_isim_beh.exe
Fuse Memory Usage: 33980 KB
Fuse CPU Usage: 577 ms
