Running: C:\Xilinx\14.7\ISE_DS\ISE\bin\nt64\unwrapped\fuse.exe -intstyle ise -incremental -o C:/Users/Roberto/Desktop/UPB/ArquitecturaDeProcesadores/Xilinx/ProyectoFinal/MicroProcesador/micro_test_isim_beh.exe -prj C:/Users/Roberto/Desktop/UPB/ArquitecturaDeProcesadores/Xilinx/ProyectoFinal/MicroProcesador/micro_test_beh.prj work.micro_test 
ISim P.20131013 (signature 0x7708f090)
Number of CPUs detected in this system: 8
Turning on mult-threading, number of parallel sub-compilation jobs: 16 
Determining compilation order of HDL files
Parsing VHDL file "C:/Users/Roberto/Desktop/UPB/ArquitecturaDeProcesadores/Xilinx/ProyectoFinal/MicroProcesador/../sumador/sumador.vhd" into library work
Parsing VHDL file "C:/Users/Roberto/Desktop/UPB/ArquitecturaDeProcesadores/Xilinx/ProyectoFinal/MicroProcesador/../registro_8bits/registro_8bits.vhd" into library work
Parsing VHDL file "C:/Users/Roberto/Desktop/UPB/ArquitecturaDeProcesadores/Xilinx/ProyectoFinal/MicroProcesador/../registro_16bits/registro_16bits.vhd" into library work
Parsing VHDL file "C:/Users/Roberto/Desktop/UPB/ArquitecturaDeProcesadores/Xilinx/ProyectoFinal/MicroProcesador/../registros_Clk/registros_Clk.vhd" into library work
Parsing VHDL file "C:/Users/Roberto/Desktop/UPB/ArquitecturaDeProcesadores/Xilinx/ProyectoFinal/MicroProcesador/../modulo_Logico/modulo_Logico.vhd" into library work
Parsing VHDL file "C:/Users/Roberto/Desktop/UPB/ArquitecturaDeProcesadores/Xilinx/ProyectoFinal/MicroProcesador/../demux_ALU/demux_ALU.vhd" into library work
Parsing VHDL file "C:/Users/Roberto/Desktop/UPB/ArquitecturaDeProcesadores/Xilinx/ProyectoFinal/MicroProcesador/../decoder_Ops_ALU/decoder_Ops_ALU.vhd" into library work
Parsing VHDL file "C:/Users/Roberto/Desktop/UPB/ArquitecturaDeProcesadores/Xilinx/ProyectoFinal/MicroProcesador/../registros_Control/registros_Control.vhd" into library work
Parsing VHDL file "C:/Users/Roberto/Desktop/UPB/ArquitecturaDeProcesadores/Xilinx/ProyectoFinal/MicroProcesador/../ram_16bits/ram_16bits.vhd" into library work
Parsing VHDL file "C:/Users/Roberto/Desktop/UPB/ArquitecturaDeProcesadores/Xilinx/ProyectoFinal/MicroProcesador/../demux3_1_8bits/demux3_18bits.vhd" into library work
Parsing VHDL file "C:/Users/Roberto/Desktop/UPB/ArquitecturaDeProcesadores/Xilinx/ProyectoFinal/MicroProcesador/../demux3_1/demux3_1.vhd" into library work
Parsing VHDL file "C:/Users/Roberto/Desktop/UPB/ArquitecturaDeProcesadores/Xilinx/ProyectoFinal/MicroProcesador/../demux2_1/demux2_1.vhd" into library work
Parsing VHDL file "C:/Users/Roberto/Desktop/UPB/ArquitecturaDeProcesadores/Xilinx/ProyectoFinal/MicroProcesador/../ControlUnit/Control_Unit.vhd" into library work
Parsing VHDL file "C:/Users/Roberto/Desktop/UPB/ArquitecturaDeProcesadores/Xilinx/ProyectoFinal/MicroProcesador/../ALU/ALU.vhd" into library work
Parsing VHDL file "C:/Users/Roberto/Desktop/UPB/ArquitecturaDeProcesadores/Xilinx/ProyectoFinal/MicroProcesador/MicroProcesador.vhd" into library work
Parsing VHDL file "C:/Users/Roberto/Desktop/UPB/ArquitecturaDeProcesadores/Xilinx/ProyectoFinal/MicroProcesador/micro_test.vhd" into library work
Starting static elaboration
Completed static elaboration
Compiling package standard
Compiling package std_logic_1164
Compiling package numeric_std
Compiling architecture behavioral of entity Control_Unit [control_unit_default]
Compiling architecture behavioral of entity registros_Clk [registros_clk_default]
Compiling architecture behavioral of entity registro_8bits [registro_8bits_default]
Compiling architecture behavioral of entity registro_16bits [registro_16bits_default]
Compiling architecture behavioral of entity registros_Control [registros_control_default]
Compiling architecture behavioral of entity decoder_Ops_ALU [decoder_ops_alu_default]
Compiling architecture behavioral of entity sumador [sumador_default]
Compiling architecture behavioral of entity modulo_Logico [modulo_logico_default]
Compiling architecture behavioral of entity demux_ALU [demux_alu_default]
Compiling architecture behavioral of entity ALU [alu_default]
Compiling architecture behavioral of entity ram_16bits [ram_16bits_default]
Compiling architecture behavioral of entity demux3_1 [demux3_1_default]
Compiling architecture behavioral of entity demux3_18bits [demux3_18bits_default]
Compiling architecture behavioral of entity demux2_1 [demux2_1_default]
Compiling architecture behavioral of entity MicroProcesador [microprocesador_default]
Compiling architecture behavior of entity micro_test
Time Resolution for simulation is 1ps.
Waiting for 3 sub-compilation(s) to finish...
Compiled 34 VHDL Units
Built simulation executable C:/Users/Roberto/Desktop/UPB/ArquitecturaDeProcesadores/Xilinx/ProyectoFinal/MicroProcesador/micro_test_isim_beh.exe
Fuse Memory Usage: 34892 KB
Fuse CPU Usage: 796 ms
